# JRE version: OpenJDK Runtime Environment (8.0_152-b02) (build 1.8.0_152-release-1024-b02)
# Java VM: OpenJDK 64-Bit Server VM (25.152-b02 mixed mode windows-amd64 compressed oops)
Heap:
 PSYoungGen      total 186368K, used 126487K [0x00000000e0000000, 0x00000000ed800000, 0x0000000100000000)
  eden space 160768K, 67% used [0x00000000e0000000,0x00000000e69b0ca0,0x00000000e9d00000)
  from space 25600K, 71% used [0x00000000ebf00000,0x00000000ed0d4f60,0x00000000ed800000)
  to   space 30208K, 0% used [0x00000000e9d00000,0x00000000e9d00000,0x00000000eba80000)
 ParOldGen       total 160768K, used 45693K [0x00000000a0000000, 0x00000000a9d00000, 0x00000000e0000000)
  object space 160768K, 28% used [0x00000000a0000000,0x00000000a2c9f430,0x00000000a9d00000)
 Metaspace       used 82869K, capacity 86972K, committed 87296K, reserved 1124352K
  class space    used 10801K, capacity 11649K, committed 11776K, reserved 1048576K
GC Heap History (10 events):
Event: 3256.058 GC heap before
{Heap before GC invocations=15 (full 3):
 PSYoungGen      total 194560K, used 194427K [0x00000000e0000000, 0x00000000ee480000, 0x0000000100000000)
  eden space 186880K, 100% used [0x00000000e0000000,0x00000000eb680000,0x00000000eb680000)
  from space 7680K, 98% used [0x00000000ebc80000,0x00000000ec3dee30,0x00000000ec400000)
  to   space 23552K, 0% used [0x00000000ecd80000,0x00000000ecd80000,0x00000000ee480000)
 ParOldGen       total 160768K, used 44766K [0x00000000a0000000, 0x00000000a9d00000, 0x00000000e0000000)
  object space 160768K, 27% used [0x00000000a0000000,0x00000000a2bb7ad0,0x00000000a9d00000)
 Metaspace       used 68451K, capacity 71016K, committed 71168K, reserved 1110016K
  class space    used 9074K, capacity 9679K, committed 9728K, reserved 1048576K
Event: 3256.082 GC heap after
Heap after GC invocations=15 (full 3):
 PSYoungGen      total 201216K, used 17276K [0x00000000e0000000, 0x00000000ee100000, 0x0000000100000000)
  eden space 181248K, 0% used [0x00000000e0000000,0x00000000e0000000,0x00000000eb100000)
  from space 19968K, 86% used [0x00000000ecd80000,0x00000000ede5f160,0x00000000ee100000)
  to   space 24576K, 0% used [0x00000000eb100000,0x00000000eb100000,0x00000000ec900000)
 ParOldGen       total 160768K, used 44774K [0x00000000a0000000, 0x00000000a9d00000, 0x00000000e0000000)
  object space 160768K, 27% used [0x00000000a0000000,0x00000000a2bb9ad0,0x00000000a9d00000)
 Metaspace       used 68451K, capacity 71016K, committed 71168K, reserved 1110016K
  class space    used 9074K, capacity 9679K, committed 9728K, reserved 1048576K
}
Event: 3259.919 GC heap before
{Heap before GC invocations=16 (full 3):
 PSYoungGen      total 201216K, used 198524K [0x00000000e0000000, 0x00000000ee100000, 0x0000000100000000)
  eden space 181248K, 100% used [0x00000000e0000000,0x00000000eb100000,0x00000000eb100000)
  from space 19968K, 86% used [0x00000000ecd80000,0x00000000ede5f160,0x00000000ee100000)
  to   space 24576K, 0% used [0x00000000eb100000,0x00000000eb100000,0x00000000ec900000)
 ParOldGen       total 160768K, used 44774K [0x00000000a0000000, 0x00000000a9d00000, 0x00000000e0000000)
  object space 160768K, 27% used [0x00000000a0000000,0x00000000a2bb9ad0,0x00000000a9d00000)
 Metaspace       used 79519K, capacity 83112K, committed 83328K, reserved 1122304K
  class space    used 10504K, capacity 11293K, committed 11392K, reserved 1048576K
Event: 3259.949 GC heap after
Heap after GC invocations=16 (full 3):
 PSYoungGen      total 200192K, used 24553K [0x00000000e0000000, 0x00000000ee380000, 0x0000000100000000)
  eden space 175616K, 0% used [0x00000000e0000000,0x00000000e0000000,0x00000000eab80000)
  from space 24576K, 99% used [0x00000000eb100000,0x00000000ec8fa5f8,0x00000000ec900000)
  to   space 27136K, 0% used [0x00000000ec900000,0x00000000ec900000,0x00000000ee380000)
 ParOldGen       total 160768K, used 45669K [0x00000000a0000000, 0x00000000a9d00000, 0x00000000e0000000)
  object space 160768K, 28% used [0x00000000a0000000,0x00000000a2c99430,0x00000000a9d00000)
 Metaspace       used 79519K, capacity 83112K, committed 83328K, reserved 1122304K
  class space    used 10504K, capacity 11293K, committed 11392K, reserved 1048576K
}
Event: 3262.517 GC heap before
{Heap before GC invocations=17 (full 3):
 PSYoungGen      total 200192K, used 200169K [0x00000000e0000000, 0x00000000ee380000, 0x0000000100000000)
  eden space 175616K, 100% used [0x00000000e0000000,0x00000000eab80000,0x00000000eab80000)
  from space 24576K, 99% used [0x00000000eb100000,0x00000000ec8fa5f8,0x00000000ec900000)
  to   space 27136K, 0% used [0x00000000ec900000,0x00000000ec900000,0x00000000ee380000)
 ParOldGen       total 160768K, used 45669K [0x00000000a0000000, 0x00000000a9d00000, 0x00000000e0000000)
  object space 160768K, 28% used [0x00000000a0000000,0x00000000a2c99430,0x00000000a9d00000)
 Metaspace       used 80723K, capacity 84352K, committed 84480K, reserved 1122304K
  class space    used 10629K, capacity 11425K, committed 11520K, reserved 1048576K
Event: 3262.527 GC heap after
Heap after GC invocations=17 (full 3):
 PSYoungGen      total 195584K, used 21841K [0x00000000e0000000, 0x00000000ee180000, 0x0000000100000000)
  eden space 170496K, 0% used [0x00000000e0000000,0x00000000e0000000,0x00000000ea680000)
  from space 25088K, 87% used [0x00000000ec900000,0x00000000ede54408,0x00000000ee180000)
  to   space 30208K, 0% used [0x00000000ea680000,0x00000000ea680000,0x00000000ec400000)
 ParOldGen       total 160768K, used 45677K [0x00000000a0000000, 0x00000000a9d00000, 0x00000000e0000000)
  object space 160768K, 28% used [0x00000000a0000000,0x00000000a2c9b430,0x00000000a9d00000)
 Metaspace       used 80723K, capacity 84352K, committed 84480K, reserved 1122304K
  class space    used 10629K, capacity 11425K, committed 11520K, reserved 1048576K
}
Event: 8516.938 GC heap before
{Heap before GC invocations=18 (full 3):
 PSYoungGen      total 195584K, used 192337K [0x00000000e0000000, 0x00000000ee180000, 0x0000000100000000)
  eden space 170496K, 100% used [0x00000000e0000000,0x00000000ea680000,0x00000000ea680000)
  from space 25088K, 87% used [0x00000000ec900000,0x00000000ede54408,0x00000000ee180000)
  to   space 30208K, 0% used [0x00000000ea680000,0x00000000ea680000,0x00000000ec400000)
 ParOldGen       total 160768K, used 45677K [0x00000000a0000000, 0x00000000a9d00000, 0x00000000e0000000)
  object space 160768K, 28% used [0x00000000a0000000,0x00000000a2c9b430,0x00000000a9d00000)
 Metaspace       used 82016K, capacity 85876K, committed 86144K, reserved 1124352K
  class space    used 10772K, capacity 11601K, committed 11648K, reserved 1048576K
Event: 8516.961 GC heap after
Heap after GC invocations=18 (full 3):
 PSYoungGen      total 183808K, used 18238K [0x00000000e0000000, 0x00000000edc80000, 0x0000000100000000)
  eden space 165376K, 0% used [0x00000000e0000000,0x00000000e0000000,0x00000000ea180000)
  from space 18432K, 98% used [0x00000000ea680000,0x00000000eb84f830,0x00000000eb880000)
  to   space 30208K, 0% used [0x00000000ebf00000,0x00000000ebf00000,0x00000000edc80000)
 ParOldGen       total 160768K, used 45685K [0x00000000a0000000, 0x00000000a9d00000, 0x00000000e0000000)
  object space 160768K, 28% used [0x00000000a0000000,0x00000000a2c9d430,0x00000000a9d00000)
 Metaspace       used 82016K, capacity 85876K, committed 86144K, reserved 1124352K
  class space    used 10772K, capacity 11601K, committed 11648K, reserved 1048576K
}
Event: 8726.470 GC heap before
{Heap before GC invocations=19 (full 3):
 PSYoungGen      total 183808K, used 183614K [0x00000000e0000000, 0x00000000edc80000, 0x0000000100000000)
  eden space 165376K, 100% used [0x00000000e0000000,0x00000000ea180000,0x00000000ea180000)
  from space 18432K, 98% used [0x00000000ea680000,0x00000000eb84f830,0x00000000eb880000)
  to   space 30208K, 0% used [0x00000000ebf00000,0x00000000ebf00000,0x00000000edc80000)
 ParOldGen       total 160768K, used 45685K [0x00000000a0000000, 0x00000000a9d00000, 0x00000000e0000000)
  object space 160768K, 28% used [0x00000000a0000000,0x00000000a2c9d430,0x00000000a9d00000)
 Metaspace       used 82545K, capacity 86572K, committed 86656K, reserved 1124352K
  class space    used 10790K, capacity 11631K, committed 11648K, reserved 1048576K
Event: 8726.555 GC heap after
Heap after GC invocations=19 (full 3):
 PSYoungGen      total 186368K, used 18259K [0x00000000e0000000, 0x00000000ed800000, 0x0000000100000000)
  eden space 160768K, 0% used [0x00000000e0000000,0x00000000e0000000,0x00000000e9d00000)
  from space 25600K, 71% used [0x00000000ebf00000,0x00000000ed0d4f60,0x00000000ed800000)
  to   space 30208K, 0% used [0x00000000e9d00000,0x00000000e9d00000,0x00000000eba80000)
 ParOldGen       total 160768K, used 45693K [0x00000000a0000000, 0x00000000a9d00000, 0x00000000e0000000)
  object space 160768K, 28% used [0x00000000a0000000,0x00000000a2c9f430,0x00000000a9d00000)
 Metaspace       used 82545K, capacity 86572K, committed 86656K, reserved 1124352K
  class space    used 10790K, capacity 11631K, committed 11648K, reserved 1048576K
}

